<?xml version="1.0" encoding="UTF-8"?>
<testng-results ignored="0" total="1" passed="1" failed="0" skipped="0">
  <reporter-output>
  </reporter-output>
  <suite started-at="2025-08-04T18:03:51 IST" name="Default suite" finished-at="2025-08-04T18:04:09 IST" duration-ms="17525">
    <groups>
    </groups>
    <test started-at="2025-08-04T18:03:51 IST" name="Default test" finished-at="2025-08-04T18:04:09 IST" duration-ms="17525">
      <class name="MockTaskFlipKart">
        <test-method signature="flightBooking()[pri:0, instance:MockTaskFlipKart@4550bb58]" started-at="2025-08-04T18:03:51 IST" name="flightBooking" finished-at="2025-08-04T18:04:09 IST" duration-ms="17471" status="PASS">
          <reporter-output>
          </reporter-output>
        </test-method> <!-- flightBooking -->
      </class> <!-- MockTaskFlipKart -->
    </test> <!-- Default test -->
  </suite> <!-- Default suite -->
</testng-results>
